<?xml version="1.0" encoding="UTF-8"?>
<testsuite xmlns:xsi="http://www.w3.org/2001/XMLSchema-instance" xsi:noNamespaceSchemaLocation="https://maven.apache.org/surefire/maven-surefire-plugin/xsd/surefire-test-report-3.0.xsd" version="3.0" name="com.blog.BlogJavaApplicationTests" time="8.023" tests="1" errors="0" skipped="0" failures="0">
  <properties>
[...]
</properties>
  <testcase name="contextLoads" classname="com.blog.BlogJavaApplicationTests" time="0.62">
    <system-out><![CDATA[19:36:44.210 [main] INFO org.springframework.test.context.support.AnnotationConfigContextLoaderUtils -- Could not detect default configuration classes for test class [com.blog.BlogJavaApplicationTests]: BlogJavaApplicationTests does not declare any static, non-private, non-final, nested classes annotated with @Configuration.
19:36:44.372 [main] INFO org.springframework.boot.test.context.SpringBootTestContextBootstrapper -- Found @SpringBootConfiguration com.blog.BlogJavaApplication for test class com.blog.BlogJavaApplicationTests

  .   ____          _            __ _ _
 /\\ / ___'_ __ _ _(_)_ __  __ _ \ \ \ \
( ( )\___ | '_ | '_| | '_ \/ _` | \ \ \ \
 \\/  ___)| |_)| | | | | || (_| |  ) ) ) )
  '  |____| .__|_| |_|_| |_\__, | / / / /
 =========|_|==============|___/=/_/_/_/
 :: Spring Boot ::                (v3.1.6)

2023-12-10T19:36:44.907+07:00  WARN 25360 --- [           main] ory$DuplicateJsonObjectContextCustomizer : 

Found multiple occurrences of org.json.JSONObject on the class path:

	jar:file:/C:/Users/01635/.m2/repository/com/vaadin/external/google/android-json/0.0.20131108.vaadin1/android-json-0.0.20131108.vaadin1.jar!/org/json/JSONObject.class
	jar:file:/C:/Users/01635/.m2/repository/org/json/json/20220320/json-20220320.jar!/org/json/JSONObject.class

You may wish to exclude one of them to ensure predictable runtime behavior

2023-12-10T19:36:44.927+07:00  INFO 25360 --- [           main] com.blog.BlogJavaApplicationTests        : Starting BlogJavaApplicationTests using Java 17.0.7 with PID 25360 (started by 01635 in D:\Blog\blog-api-spring)
2023-12-10T19:36:44.928+07:00  INFO 25360 --- [           main] com.blog.BlogJavaApplicationTests        : No active profile set, falling back to 1 default profile: "default"
2023-12-10T19:36:45.848+07:00  INFO 25360 --- [           main] .s.d.r.c.RepositoryConfigurationDelegate : Multiple Spring Data modules found, entering strict repository configuration mode
2023-12-10T19:36:45.849+07:00  INFO 25360 --- [           main] .s.d.r.c.RepositoryConfigurationDelegate : Bootstrapping Spring Data JPA repositories in DEFAULT mode.
2023-12-10T19:36:46.036+07:00  INFO 25360 --- [           main] .s.d.r.c.RepositoryConfigurationDelegate : Finished Spring Data repository scanning in 178 ms. Found 4 JPA repository interfaces.
2023-12-10T19:36:46.055+07:00  INFO 25360 --- [           main] .s.d.r.c.RepositoryConfigurationDelegate : Multiple Spring Data modules found, entering strict repository configuration mode
2023-12-10T19:36:46.059+07:00  INFO 25360 --- [           main] .s.d.r.c.RepositoryConfigurationDelegate : Bootstrapping Spring Data Redis repositories in DEFAULT mode.
2023-12-10T19:36:46.078+07:00  INFO 25360 --- [           main] .RepositoryConfigurationExtensionSupport : Spring Data Redis - Could not safely identify store assignment for repository candidate interface com.blog.repositories.ICategoryRepository; If you want this repository to be a Redis repository, consider annotating your entities with one of these annotations: org.springframework.data.redis.core.RedisHash (preferred), or consider extending one of the following types with your repository: org.springframework.data.keyvalue.repository.KeyValueRepository
2023-12-10T19:36:46.079+07:00  INFO 25360 --- [           main] .RepositoryConfigurationExtensionSupport : Spring Data Redis - Could not safely identify store assignment for repository candidate interface com.blog.repositories.ICommentRepository; If you want this repository to be a Redis repository, consider annotating your entities with one of these annotations: org.springframework.data.redis.core.RedisHash (preferred), or consider extending one of the following types with your repository: org.springframework.data.keyvalue.repository.KeyValueRepository
2023-12-10T19:36:46.080+07:00  INFO 25360 --- [           main] .RepositoryConfigurationExtensionSupport : Spring Data Redis - Could not safely identify store assignment for repository candidate interface com.blog.repositories.IPostRepository; If you want this repository to be a Redis repository, consider annotating your entities with one of these annotations: org.springframework.data.redis.core.RedisHash (preferred), or consider extending one of the following types with your repository: org.springframework.data.keyvalue.repository.KeyValueRepository
2023-12-10T19:36:46.080+07:00  INFO 25360 --- [           main] .RepositoryConfigurationExtensionSupport : Spring Data Redis - Could not safely identify store assignment for repository candidate interface com.blog.repositories.IUserRepository; If you want this repository to be a Redis repository, consider annotating your entities with one of these annotations: org.springframework.data.redis.core.RedisHash (preferred), or consider extending one of the following types with your repository: org.springframework.data.keyvalue.repository.KeyValueRepository
2023-12-10T19:36:46.081+07:00  INFO 25360 --- [           main] .s.d.r.c.RepositoryConfigurationDelegate : Finished Spring Data repository scanning in 7 ms. Found 0 Redis repository interfaces.
2023-12-10T19:36:46.710+07:00  INFO 25360 --- [           main] o.hibernate.jpa.internal.util.LogHelper  : HHH000204: Processing PersistenceUnitInfo [name: default]
2023-12-10T19:36:46.821+07:00  INFO 25360 --- [           main] org.hibernate.Version                    : HHH000412: Hibernate ORM core version 6.2.13.Final
2023-12-10T19:36:46.824+07:00  INFO 25360 --- [           main] org.hibernate.cfg.Environment            : HHH000406: Using bytecode reflection optimizer
2023-12-10T19:36:47.281+07:00  INFO 25360 --- [           main] o.s.o.j.p.SpringPersistenceUnitInfo      : No LoadTimeWeaver setup: ignoring JPA class transformer
2023-12-10T19:36:47.314+07:00  INFO 25360 --- [           main] com.zaxxer.hikari.HikariDataSource       : HikariPool-1 - Starting...
2023-12-10T19:36:48.225+07:00  INFO 25360 --- [           main] com.zaxxer.hikari.pool.HikariPool        : HikariPool-1 - Added connection com.mysql.cj.jdbc.ConnectionImpl@20184ade
2023-12-10T19:36:48.229+07:00  INFO 25360 --- [           main] com.zaxxer.hikari.HikariDataSource       : HikariPool-1 - Start completed.
2023-12-10T19:36:49.499+07:00  INFO 25360 --- [           main] o.h.e.t.j.p.i.JtaPlatformInitiator       : HHH000489: No JTA platform available (set 'hibernate.transaction.jta.platform' to enable JTA platform integration)
2023-12-10T19:36:49.504+07:00  INFO 25360 --- [           main] j.LocalContainerEntityManagerFactoryBean : Initialized JPA EntityManagerFactory for persistence unit 'default'
2023-12-10T19:36:49.962+07:00  INFO 25360 --- [           main] o.s.d.j.r.query.QueryEnhancerFactory     : Hibernate is in classpath; If applicable, HQL parser will be used.
2023-12-10T19:36:50.346+07:00  WARN 25360 --- [           main] JpaBaseConfiguration$JpaWebConfiguration : spring.jpa.open-in-view is enabled by default. Therefore, database queries may be performed during view rendering. Explicitly configure spring.jpa.open-in-view to disable this warning
2023-12-10T19:36:50.691+07:00  INFO 25360 --- [           main] o.s.s.web.DefaultSecurityFilterChain     : Will secure any request with [org.springframework.security.web.session.DisableEncodeUrlFilter@282d1023, org.springframework.security.web.context.request.async.WebAsyncManagerIntegrationFilter@7d1b96b9, org.springframework.security.web.context.SecurityContextHolderFilter@4d62bb8b, org.springframework.security.web.header.HeaderWriterFilter@28d2afd8, org.springframework.security.web.authentication.logout.LogoutFilter@178f5b5b, com.blog.filters.JwtTokenFilter@44bd7f24, org.springframework.security.web.savedrequest.RequestCacheAwareFilter@1d642682, org.springframework.security.web.servletapi.SecurityContextHolderAwareRequestFilter@65630116, org.springframework.security.web.authentication.AnonymousAuthenticationFilter@505bc480, org.springframework.security.web.access.ExceptionTranslationFilter@722e1bff, org.springframework.security.web.access.intercept.AuthorizationFilter@5120886f]
2023-12-10T19:36:51.299+07:00  INFO 25360 --- [           main] o.a.k.clients.consumer.ConsumerConfig    : ConsumerConfig values: 
	allow.auto.create.topics = true
	auto.commit.interval.ms = 5000
	auto.include.jmx.reporter = true
	auto.offset.reset = earliest
	bootstrap.servers = [localhost:9092]
	check.crcs = true
	client.dns.lookup = use_all_dns_ips
	client.id = consumer-my_group-1
	client.rack = 
	connections.max.idle.ms = 540000
	default.api.timeout.ms = 60000
	enable.auto.commit = false
	exclude.internal.topics = true
	fetch.max.bytes = 52428800
	fetch.max.wait.ms = 500
	fetch.min.bytes = 1
	group.id = my_group
	group.instance.id = null
	heartbeat.interval.ms = 3000
	interceptor.classes = []
	internal.leave.group.on.close = true
	internal.throw.on.fetch.stable.offset.unsupported = false
	isolation.level = read_uncommitted
	key.deserializer = class org.apache.kafka.common.serialization.StringDeserializer
	max.partition.fetch.bytes = 1048576
	max.poll.interval.ms = 300000
	max.poll.records = 500
	metadata.max.age.ms = 300000
	metric.reporters = []
	metrics.num.samples = 2
	metrics.recording.level = INFO
	metrics.sample.window.ms = 30000
	partition.assignment.strategy = [class org.apache.kafka.clients.consumer.RangeAssignor, class org.apache.kafka.clients.consumer.CooperativeStickyAssignor]
	receive.buffer.bytes = 65536
	reconnect.backoff.max.ms = 1000
	reconnect.backoff.ms = 50
	request.timeout.ms = 30000
	retry.backoff.ms = 100
	sasl.client.callback.handler.class = null
	sasl.jaas.config = null
	sasl.kerberos.kinit.cmd = /usr/bin/kinit
	sasl.kerberos.min.time.before.relogin = 60000
	sasl.kerberos.service.name = null
	sasl.kerberos.ticket.renew.jitter = 0.05
	sasl.kerberos.ticket.renew.window.factor = 0.8
	sasl.login.callback.handler.class = null
	sasl.login.class = null
	sasl.login.connect.timeout.ms = null
	sasl.login.read.timeout.ms = null
	sasl.login.refresh.buffer.seconds = 300
	sasl.login.refresh.min.period.seconds = 60
	sasl.login.refresh.window.factor = 0.8
	sasl.login.refresh.window.jitter = 0.05
	sasl.login.retry.backoff.max.ms = 10000
	sasl.login.retry.backoff.ms = 100
	sasl.mechanism = GSSAPI
	sasl.oauthbearer.clock.skew.seconds = 30
	sasl.oauthbearer.expected.audience = null
	sasl.oauthbearer.expected.issuer = null
	sasl.oauthbearer.jwks.endpoint.refresh.ms = 3600000
	sasl.oauthbearer.jwks.endpoint.retry.backoff.max.ms = 10000
	sasl.oauthbearer.jwks.endpoint.retry.backoff.ms = 100
	sasl.oauthbearer.jwks.endpoint.url = null
	sasl.oauthbearer.scope.claim.name = scope
	sasl.oauthbearer.sub.claim.name = sub
	sasl.oauthbearer.token.endpoint.url = null
	security.protocol = PLAINTEXT
	security.providers = null
	send.buffer.bytes = 131072
	session.timeout.ms = 45000
	socket.connection.setup.timeout.max.ms = 30000
	socket.connection.setup.timeout.ms = 10000
	ssl.cipher.suites = null
	ssl.enabled.protocols = [TLSv1.2, TLSv1.3]
	ssl.endpoint.identification.algorithm = https
	ssl.engine.factory.class = null
	ssl.key.password = null
	ssl.keymanager.algorithm = SunX509
	ssl.keystore.certificate.chain = null
	ssl.keystore.key = null
	ssl.keystore.location = null
	ssl.keystore.password = null
	ssl.keystore.type = JKS
	ssl.protocol = TLSv1.3
	ssl.provider = null
	ssl.secure.random.implementation = null
	ssl.trustmanager.algorithm = PKIX
	ssl.truststore.certificates = null
	ssl.truststore.location = null
	ssl.truststore.password = null
	ssl.truststore.type = JKS
	value.deserializer = class org.apache.kafka.common.serialization.StringDeserializer

2023-12-10T19:36:51.428+07:00  INFO 25360 --- [           main] o.a.kafka.common.utils.AppInfoParser     : Kafka version: 3.4.1
2023-12-10T19:36:51.428+07:00  INFO 25360 --- [           main] o.a.kafka.common.utils.AppInfoParser     : Kafka commitId: 8a516edc2755df89
2023-12-10T19:36:51.428+07:00  INFO 25360 --- [           main] o.a.kafka.common.utils.AppInfoParser     : Kafka startTimeMs: 1702211811426
2023-12-10T19:36:51.432+07:00  INFO 25360 --- [           main] o.a.k.clients.consumer.KafkaConsumer     : [Consumer clientId=consumer-my_group-1, groupId=my_group] Subscribed to topic(s): all_blogs
2023-12-10T19:36:51.454+07:00  INFO 25360 --- [           main] com.blog.BlogJavaApplicationTests        : Started BlogJavaApplicationTests in 6.866 seconds (process running for 8.149)
2023-12-10T19:36:51.873+07:00  INFO 25360 --- [ntainer#0-0-C-1] org.apache.kafka.clients.NetworkClient   : [Consumer clientId=consumer-my_group-1, groupId=my_group] Node -1 disconnected.
2023-12-10T19:36:51.875+07:00  WARN 25360 --- [ntainer#0-0-C-1] org.apache.kafka.clients.NetworkClient   : [Consumer clientId=consumer-my_group-1, groupId=my_group] Connection to node -1 (localhost/127.0.0.1:9092) could not be established. Broker may not be available.
2023-12-10T19:36:51.876+07:00  WARN 25360 --- [ntainer#0-0-C-1] org.apache.kafka.clients.NetworkClient   : [Consumer clientId=consumer-my_group-1, groupId=my_group] Bootstrap broker localhost:9092 (id: -1 rack: null) disconnected
2023-12-10T19:36:51.978+07:00  INFO 25360 --- [ntainer#0-0-C-1] org.apache.kafka.clients.NetworkClient   : [Consumer clientId=consumer-my_group-1, groupId=my_group] Node -1 disconnected.
2023-12-10T19:36:51.978+07:00  WARN 25360 --- [ntainer#0-0-C-1] org.apache.kafka.clients.NetworkClient   : [Consumer clientId=consumer-my_group-1, groupId=my_group] Connection to node -1 (localhost/127.0.0.1:9092) could not be established. Broker may not be available.
2023-12-10T19:36:51.978+07:00  WARN 25360 --- [ntainer#0-0-C-1] org.apache.kafka.clients.NetworkClient   : [Consumer clientId=consumer-my_group-1, groupId=my_group] Bootstrap broker localhost:9092 (id: -1 rack: null) disconnected
2023-12-10T19:36:52.087+07:00  INFO 25360 --- [ntainer#0-0-C-1] org.apache.kafka.clients.NetworkClient   : [Consumer clientId=consumer-my_group-1, groupId=my_group] Node -1 disconnected.
2023-12-10T19:36:52.088+07:00  WARN 25360 --- [ntainer#0-0-C-1] org.apache.kafka.clients.NetworkClient   : [Consumer clientId=consumer-my_group-1, groupId=my_group] Connection to node -1 (localhost/127.0.0.1:9092) could not be established. Broker may not be available.
2023-12-10T19:36:52.088+07:00  WARN 25360 --- [ntainer#0-0-C-1] org.apache.kafka.clients.NetworkClient   : [Consumer clientId=consumer-my_group-1, groupId=my_group] Bootstrap broker localhost:9092 (id: -1 rack: null) disconnected
]]></system-out>
  </testcase>
</testsuite>